<?xml version="1.0" encoding="UTF-8"?>
<testsuite xmlns:xsi="http://www.w3.org/2001/XMLSchema-instance" xsi:noNamespaceSchemaLocation="https://maven.apache.org/surefire/maven-surefire-plugin/xsd/surefire-test-report.xsd" name="inauen.tutorial.rest.EndpointTest" time="0.034" tests="1" errors="0" skipped="0" failures="0">
  <properties>
    <property name="awt.toolkit" value="sun.awt.X11.XToolkit"/>
    <property name="file.encoding.pkg" value="sun.io"/>
    <property name="java.specification.version" value="1.8"/>
    <property name="sun.cpu.isalist" value=""/>
    <property name="sun.jnu.encoding" value="UTF-8"/>
    <property name="java.class.path" value="/home/simon/m226b-pa-bohler_wust/finish/back-end/target/test-classes:/home/simon/m226b-pa-bohler_wust/finish/back-end/target/classes:/home/simon/.m2/repository/com/ibm/websphere/appserver/spi/com.ibm.websphere.appserver.spi.servlet/2.3.27/com.ibm.websphere.appserver.spi.servlet-2.3.27.jar:/home/simon/.m2/repository/com/ibm/websphere/appserver/api/com.ibm.websphere.appserver.api.endpoint/1.0.27/com.ibm.websphere.appserver.api.endpoint-1.0.27.jar:/home/simon/.m2/repository/com/ibm/websphere/appserver/spi/com.ibm.websphere.appserver.spi.httptransport/4.1.27/com.ibm.websphere.appserver.spi.httptransport-4.1.27.jar:/home/simon/.m2/repository/com/ibm/websphere/appserver/api/com.ibm.websphere.appserver.api.servlet/1.1.27/com.ibm.websphere.appserver.api.servlet-1.1.27.jar:/home/simon/.m2/repository/com/ibm/websphere/appserver/spi/com.ibm.websphere.appserver.spi.globalhandler/1.0.27/com.ibm.websphere.appserver.spi.globalhandler-1.0.27.jar:/home/simon/.m2/repository/com/ibm/websphere/appserver/api/com.ibm.websphere.appserver.api.jaxrs20/1.0.27/com.ibm.websphere.appserver.api.jaxrs20-1.0.27.jar:/home/simon/.m2/repository/javax/json/bind/javax.json.bind-api/1.0/javax.json.bind-api-1.0.jar:/home/simon/.m2/repository/javax/json/javax.json-api/1.1.3/javax.json-api-1.1.3.jar:/home/simon/.m2/repository/javax/el/javax.el-api/3.0.0/javax.el-api-3.0.0.jar:/home/simon/.m2/repository/javax/servlet/jsp/javax.servlet.jsp-api/2.3.1/javax.servlet.jsp-api-2.3.1.jar:/home/simon/.m2/repository/javax/servlet/javax.servlet-api/4.0.1/javax.servlet-api-4.0.1.jar:/home/simon/.m2/repository/com/ibm/websphere/appserver/spi/com.ibm.websphere.appserver.spi.javaeedd/1.3.27/com.ibm.websphere.appserver.spi.javaeedd-1.3.27.jar:/home/simon/.m2/repository/com/ibm/websphere/appserver/spi/com.ibm.websphere.appserver.spi.anno/1.1.27/com.ibm.websphere.appserver.spi.anno-1.1.27.jar:/home/simon/.m2/repository/com/ibm/websphere/appserver/spi/com.ibm.websphere.appserver.spi.artifact/1.2.27/com.ibm.websphere.appserver.spi.artifact-1.2.27.jar:/home/simon/.m2/repository/com/ibm/websphere/appserver/spi/com.ibm.websphere.appserver.spi.containerServices/3.0.27/com.ibm.websphere.appserver.spi.containerServices-3.0.27.jar:/home/simon/.m2/repository/com/ibm/websphere/appserver/spi/com.ibm.websphere.appserver.spi.classloading/1.4.27/com.ibm.websphere.appserver.spi.classloading-1.4.27.jar:/home/simon/.m2/repository/javax/ejb/javax.ejb-api/3.2/javax.ejb-api-3.2.jar:/home/simon/.m2/repository/javax/transaction/javax.transaction-api/1.2/javax.transaction-api-1.2.jar:/home/simon/.m2/repository/javax/enterprise/cdi-api/2.0/cdi-api-2.0.jar:/home/simon/.m2/repository/javax/inject/javax.inject/1/javax.inject-1.jar:/home/simon/.m2/repository/javax/interceptor/javax.interceptor-api/1.2/javax.interceptor-api-1.2.jar:/home/simon/.m2/repository/com/ibm/websphere/appserver/api/com.ibm.websphere.appserver.api.transaction/1.1.27/com.ibm.websphere.appserver.api.transaction-1.1.27.jar:/home/simon/.m2/repository/javax/resource/javax.resource-api/1.7/javax.resource-api-1.7.jar:/home/simon/.m2/repository/com/ibm/websphere/appserver/spi/com.ibm.websphere.appserver.spi.transaction/1.1.27/com.ibm.websphere.appserver.spi.transaction-1.1.27.jar:/home/simon/.m2/repository/com/ibm/websphere/appserver/api/com.ibm.websphere.appserver.api.basics/1.3.27/com.ibm.websphere.appserver.api.basics-1.3.27.jar:/home/simon/.m2/repository/com/ibm/websphere/appserver/spi/com.ibm.websphere.appserver.spi.application/1.1.27/com.ibm.websphere.appserver.spi.application-1.1.27.jar:/home/simon/.m2/repository/javax/annotation/javax.annotation-api/1.3.2/javax.annotation-api-1.3.2.jar:/home/simon/.m2/repository/javax/persistence/javax.persistence-api/2.2/javax.persistence-api-2.2.jar:/home/simon/.m2/repository/org/apache/myfaces/core/myfaces-api/2.3.0/myfaces-api-2.3.0.jar:/home/simon/.m2/repository/javax/validation/validation-api/2.0.1.Final/validation-api-2.0.1.Final.jar:/home/simon/.m2/repository/org/jboss/weld/weld-osgi-bundle/3.0.3.Final/weld-osgi-bundle-3.0.3.Final.jar:/home/simon/.m2/repository/org/jboss/weld/weld-api/3.0.SP2/weld-api-3.0.SP2.jar:/home/simon/.m2/repository/org/jboss/weld/weld-core-impl/3.0.3.Final/weld-core-impl-3.0.3.Final.jar:/home/simon/.m2/repository/org/jboss/classfilewriter/jboss-classfilewriter/1.1.2.Final/jboss-classfilewriter-1.1.2.Final.jar:/home/simon/.m2/repository/org/jboss/spec/javax/el/jboss-el-api_3.0_spec/1.0.7.Final/jboss-el-api_3.0_spec-1.0.7.Final.jar:/home/simon/.m2/repository/org/jboss/spec/javax/interceptor/jboss-interceptors-api_1.2_spec/1.0.0.Final/jboss-interceptors-api_1.2_spec-1.0.0.Final.jar:/home/simon/.m2/repository/org/jboss/logging/jboss-logging/3.2.1.Final/jboss-logging-3.2.1.Final.jar:/home/simon/.m2/repository/org/jboss/weld/module/weld-ejb/3.0.3.Final/weld-ejb-3.0.3.Final.jar:/home/simon/.m2/repository/org/jboss/spec/javax/transaction/jboss-transaction-api_1.2_spec/1.0.0.Final/jboss-transaction-api_1.2_spec-1.0.0.Final.jar:/home/simon/.m2/repository/org/jboss/spec/javax/ejb/jboss-ejb-api_3.2_spec/1.0.0.Final/jboss-ejb-api_3.2_spec-1.0.0.Final.jar:/home/simon/.m2/repository/org/jboss/weld/module/weld-jsf/3.0.3.Final/weld-jsf-3.0.3.Final.jar:/home/simon/.m2/repository/org/jboss/weld/module/weld-jta/3.0.3.Final/weld-jta-3.0.3.Final.jar:/home/simon/.m2/repository/org/jboss/weld/module/weld-web/3.0.3.Final/weld-web-3.0.3.Final.jar:/home/simon/.m2/repository/org/jboss/weld/weld-spi/3.0.SP2/weld-spi-3.0.SP2.jar:/home/simon/.m2/repository/org/jboss/weld/probe/weld-probe-core/3.0.3.Final/weld-probe-core-3.0.3.Final.jar:/home/simon/.m2/repository/junit/junit/4.12/junit-4.12.jar:/home/simon/.m2/repository/org/hamcrest/hamcrest-core/1.3/hamcrest-core-1.3.jar:/home/simon/.m2/repository/org/apache/cxf/cxf-rt-rs-client/3.2.6/cxf-rt-rs-client-3.2.6.jar:/home/simon/.m2/repository/org/apache/cxf/cxf-rt-transports-http/3.2.6/cxf-rt-transports-http-3.2.6.jar:/home/simon/.m2/repository/org/apache/cxf/cxf-core/3.2.6/cxf-core-3.2.6.jar:/home/simon/.m2/repository/com/fasterxml/woodstox/woodstox-core/5.1.0/woodstox-core-5.1.0.jar:/home/simon/.m2/repository/org/codehaus/woodstox/stax2-api/4.1/stax2-api-4.1.jar:/home/simon/.m2/repository/org/apache/ws/xmlschema/xmlschema-core/2.2.3/xmlschema-core-2.2.3.jar:/home/simon/.m2/repository/org/apache/cxf/cxf-rt-frontend-jaxrs/3.2.6/cxf-rt-frontend-jaxrs-3.2.6.jar:/home/simon/.m2/repository/javax/ws/rs/javax.ws.rs-api/2.1/javax.ws.rs-api-2.1.jar:/home/simon/.m2/repository/org/apache/cxf/cxf-rt-rs-extension-providers/3.2.6/cxf-rt-rs-extension-providers-3.2.6.jar:/home/simon/.m2/repository/org/glassfish/javax.json/1.0.4/javax.json-1.0.4.jar:/home/simon/.m2/repository/javax/xml/bind/jaxb-api/2.3.1/jaxb-api-2.3.1.jar:/home/simon/.m2/repository/javax/activation/javax.activation-api/1.2.0/javax.activation-api-1.2.0.jar:/home/simon/.m2/repository/com/sun/xml/bind/jaxb-core/2.3.0.1/jaxb-core-2.3.0.1.jar:/home/simon/.m2/repository/com/sun/xml/bind/jaxb-impl/2.3.2/jaxb-impl-2.3.2.jar:/home/simon/.m2/repository/javax/activation/activation/1.1.1/activation-1.1.1.jar:"/>
    <property name="java.vm.vendor" value="Oracle Corporation"/>
    <property name="sun.arch.data.model" value="64"/>
    <property name="java.vendor.url" value="http://java.oracle.com/"/>
    <property name="user.timezone" value=""/>
    <property name="java.vm.specification.version" value="1.8"/>
    <property name="os.name" value="Linux"/>
    <property name="user.country" value="CH"/>
    <property name="sun.java.launcher" value="SUN_STANDARD"/>
    <property name="sun.boot.library.path" value="/usr/lib/jvm/java-8-openjdk-amd64/jre/lib/amd64"/>
    <property name="sun.java.command" value="/home/simon/m226b-pa-bohler_wust/finish/back-end/target/surefire/surefirebooter6510033881515548426.jar /home/simon/m226b-pa-bohler_wust/finish/back-end/target/surefire 2019-05-22T21-24-57_577-jvmRun1 surefire8114127060881738234tmp surefire_03516450141393645837tmp"/>
    <property name="surefire.test.class.path" value="/home/simon/m226b-pa-bohler_wust/finish/back-end/target/test-classes:/home/simon/m226b-pa-bohler_wust/finish/back-end/target/classes:/home/simon/.m2/repository/com/ibm/websphere/appserver/spi/com.ibm.websphere.appserver.spi.servlet/2.3.27/com.ibm.websphere.appserver.spi.servlet-2.3.27.jar:/home/simon/.m2/repository/com/ibm/websphere/appserver/api/com.ibm.websphere.appserver.api.endpoint/1.0.27/com.ibm.websphere.appserver.api.endpoint-1.0.27.jar:/home/simon/.m2/repository/com/ibm/websphere/appserver/spi/com.ibm.websphere.appserver.spi.httptransport/4.1.27/com.ibm.websphere.appserver.spi.httptransport-4.1.27.jar:/home/simon/.m2/repository/com/ibm/websphere/appserver/api/com.ibm.websphere.appserver.api.servlet/1.1.27/com.ibm.websphere.appserver.api.servlet-1.1.27.jar:/home/simon/.m2/repository/com/ibm/websphere/appserver/spi/com.ibm.websphere.appserver.spi.globalhandler/1.0.27/com.ibm.websphere.appserver.spi.globalhandler-1.0.27.jar:/home/simon/.m2/repository/com/ibm/websphere/appserver/api/com.ibm.websphere.appserver.api.jaxrs20/1.0.27/com.ibm.websphere.appserver.api.jaxrs20-1.0.27.jar:/home/simon/.m2/repository/javax/json/bind/javax.json.bind-api/1.0/javax.json.bind-api-1.0.jar:/home/simon/.m2/repository/javax/json/javax.json-api/1.1.3/javax.json-api-1.1.3.jar:/home/simon/.m2/repository/javax/el/javax.el-api/3.0.0/javax.el-api-3.0.0.jar:/home/simon/.m2/repository/javax/servlet/jsp/javax.servlet.jsp-api/2.3.1/javax.servlet.jsp-api-2.3.1.jar:/home/simon/.m2/repository/javax/servlet/javax.servlet-api/4.0.1/javax.servlet-api-4.0.1.jar:/home/simon/.m2/repository/com/ibm/websphere/appserver/spi/com.ibm.websphere.appserver.spi.javaeedd/1.3.27/com.ibm.websphere.appserver.spi.javaeedd-1.3.27.jar:/home/simon/.m2/repository/com/ibm/websphere/appserver/spi/com.ibm.websphere.appserver.spi.anno/1.1.27/com.ibm.websphere.appserver.spi.anno-1.1.27.jar:/home/simon/.m2/repository/com/ibm/websphere/appserver/spi/com.ibm.websphere.appserver.spi.artifact/1.2.27/com.ibm.websphere.appserver.spi.artifact-1.2.27.jar:/home/simon/.m2/repository/com/ibm/websphere/appserver/spi/com.ibm.websphere.appserver.spi.containerServices/3.0.27/com.ibm.websphere.appserver.spi.containerServices-3.0.27.jar:/home/simon/.m2/repository/com/ibm/websphere/appserver/spi/com.ibm.websphere.appserver.spi.classloading/1.4.27/com.ibm.websphere.appserver.spi.classloading-1.4.27.jar:/home/simon/.m2/repository/javax/ejb/javax.ejb-api/3.2/javax.ejb-api-3.2.jar:/home/simon/.m2/repository/javax/transaction/javax.transaction-api/1.2/javax.transaction-api-1.2.jar:/home/simon/.m2/repository/javax/enterprise/cdi-api/2.0/cdi-api-2.0.jar:/home/simon/.m2/repository/javax/inject/javax.inject/1/javax.inject-1.jar:/home/simon/.m2/repository/javax/interceptor/javax.interceptor-api/1.2/javax.interceptor-api-1.2.jar:/home/simon/.m2/repository/com/ibm/websphere/appserver/api/com.ibm.websphere.appserver.api.transaction/1.1.27/com.ibm.websphere.appserver.api.transaction-1.1.27.jar:/home/simon/.m2/repository/javax/resource/javax.resource-api/1.7/javax.resource-api-1.7.jar:/home/simon/.m2/repository/com/ibm/websphere/appserver/spi/com.ibm.websphere.appserver.spi.transaction/1.1.27/com.ibm.websphere.appserver.spi.transaction-1.1.27.jar:/home/simon/.m2/repository/com/ibm/websphere/appserver/api/com.ibm.websphere.appserver.api.basics/1.3.27/com.ibm.websphere.appserver.api.basics-1.3.27.jar:/home/simon/.m2/repository/com/ibm/websphere/appserver/spi/com.ibm.websphere.appserver.spi.application/1.1.27/com.ibm.websphere.appserver.spi.application-1.1.27.jar:/home/simon/.m2/repository/javax/annotation/javax.annotation-api/1.3.2/javax.annotation-api-1.3.2.jar:/home/simon/.m2/repository/javax/persistence/javax.persistence-api/2.2/javax.persistence-api-2.2.jar:/home/simon/.m2/repository/org/apache/myfaces/core/myfaces-api/2.3.0/myfaces-api-2.3.0.jar:/home/simon/.m2/repository/javax/validation/validation-api/2.0.1.Final/validation-api-2.0.1.Final.jar:/home/simon/.m2/repository/org/jboss/weld/weld-osgi-bundle/3.0.3.Final/weld-osgi-bundle-3.0.3.Final.jar:/home/simon/.m2/repository/org/jboss/weld/weld-api/3.0.SP2/weld-api-3.0.SP2.jar:/home/simon/.m2/repository/org/jboss/weld/weld-core-impl/3.0.3.Final/weld-core-impl-3.0.3.Final.jar:/home/simon/.m2/repository/org/jboss/classfilewriter/jboss-classfilewriter/1.1.2.Final/jboss-classfilewriter-1.1.2.Final.jar:/home/simon/.m2/repository/org/jboss/spec/javax/el/jboss-el-api_3.0_spec/1.0.7.Final/jboss-el-api_3.0_spec-1.0.7.Final.jar:/home/simon/.m2/repository/org/jboss/spec/javax/interceptor/jboss-interceptors-api_1.2_spec/1.0.0.Final/jboss-interceptors-api_1.2_spec-1.0.0.Final.jar:/home/simon/.m2/repository/org/jboss/logging/jboss-logging/3.2.1.Final/jboss-logging-3.2.1.Final.jar:/home/simon/.m2/repository/org/jboss/weld/module/weld-ejb/3.0.3.Final/weld-ejb-3.0.3.Final.jar:/home/simon/.m2/repository/org/jboss/spec/javax/transaction/jboss-transaction-api_1.2_spec/1.0.0.Final/jboss-transaction-api_1.2_spec-1.0.0.Final.jar:/home/simon/.m2/repository/org/jboss/spec/javax/ejb/jboss-ejb-api_3.2_spec/1.0.0.Final/jboss-ejb-api_3.2_spec-1.0.0.Final.jar:/home/simon/.m2/repository/org/jboss/weld/module/weld-jsf/3.0.3.Final/weld-jsf-3.0.3.Final.jar:/home/simon/.m2/repository/org/jboss/weld/module/weld-jta/3.0.3.Final/weld-jta-3.0.3.Final.jar:/home/simon/.m2/repository/org/jboss/weld/module/weld-web/3.0.3.Final/weld-web-3.0.3.Final.jar:/home/simon/.m2/repository/org/jboss/weld/weld-spi/3.0.SP2/weld-spi-3.0.SP2.jar:/home/simon/.m2/repository/org/jboss/weld/probe/weld-probe-core/3.0.3.Final/weld-probe-core-3.0.3.Final.jar:/home/simon/.m2/repository/junit/junit/4.12/junit-4.12.jar:/home/simon/.m2/repository/org/hamcrest/hamcrest-core/1.3/hamcrest-core-1.3.jar:/home/simon/.m2/repository/org/apache/cxf/cxf-rt-rs-client/3.2.6/cxf-rt-rs-client-3.2.6.jar:/home/simon/.m2/repository/org/apache/cxf/cxf-rt-transports-http/3.2.6/cxf-rt-transports-http-3.2.6.jar:/home/simon/.m2/repository/org/apache/cxf/cxf-core/3.2.6/cxf-core-3.2.6.jar:/home/simon/.m2/repository/com/fasterxml/woodstox/woodstox-core/5.1.0/woodstox-core-5.1.0.jar:/home/simon/.m2/repository/org/codehaus/woodstox/stax2-api/4.1/stax2-api-4.1.jar:/home/simon/.m2/repository/org/apache/ws/xmlschema/xmlschema-core/2.2.3/xmlschema-core-2.2.3.jar:/home/simon/.m2/repository/org/apache/cxf/cxf-rt-frontend-jaxrs/3.2.6/cxf-rt-frontend-jaxrs-3.2.6.jar:/home/simon/.m2/repository/javax/ws/rs/javax.ws.rs-api/2.1/javax.ws.rs-api-2.1.jar:/home/simon/.m2/repository/org/apache/cxf/cxf-rt-rs-extension-providers/3.2.6/cxf-rt-rs-extension-providers-3.2.6.jar:/home/simon/.m2/repository/org/glassfish/javax.json/1.0.4/javax.json-1.0.4.jar:/home/simon/.m2/repository/javax/xml/bind/jaxb-api/2.3.1/jaxb-api-2.3.1.jar:/home/simon/.m2/repository/javax/activation/javax.activation-api/1.2.0/javax.activation-api-1.2.0.jar:/home/simon/.m2/repository/com/sun/xml/bind/jaxb-core/2.3.0.1/jaxb-core-2.3.0.1.jar:/home/simon/.m2/repository/com/sun/xml/bind/jaxb-impl/2.3.2/jaxb-impl-2.3.2.jar:/home/simon/.m2/repository/javax/activation/activation/1.1.1/activation-1.1.1.jar:"/>
    <property name="sun.cpu.endian" value="little"/>
    <property name="user.home" value="/home/simon"/>
    <property name="user.language" value="de"/>
    <property name="java.specification.vendor" value="Oracle Corporation"/>
    <property name="java.home" value="/usr/lib/jvm/java-8-openjdk-amd64/jre"/>
    <property name="basedir" value="/home/simon/m226b-pa-bohler_wust/finish/back-end"/>
    <property name="file.separator" value="/"/>
    <property name="line.separator" value="&#10;"/>
    <property name="java.vm.specification.vendor" value="Oracle Corporation"/>
    <property name="java.specification.name" value="Java Platform API Specification"/>
    <property name="java.awt.graphicsenv" value="sun.awt.X11GraphicsEnvironment"/>
    <property name="surefire.real.class.path" value="/home/simon/m226b-pa-bohler_wust/finish/back-end/target/surefire/surefirebooter6510033881515548426.jar"/>
    <property name="sun.boot.class.path" value="/usr/lib/jvm/java-8-openjdk-amd64/jre/lib/resources.jar:/usr/lib/jvm/java-8-openjdk-amd64/jre/lib/rt.jar:/usr/lib/jvm/java-8-openjdk-amd64/jre/lib/sunrsasign.jar:/usr/lib/jvm/java-8-openjdk-amd64/jre/lib/jsse.jar:/usr/lib/jvm/java-8-openjdk-amd64/jre/lib/jce.jar:/usr/lib/jvm/java-8-openjdk-amd64/jre/lib/charsets.jar:/usr/lib/jvm/java-8-openjdk-amd64/jre/lib/jfr.jar:/usr/lib/jvm/java-8-openjdk-amd64/jre/classes"/>
    <property name="sun.management.compiler" value="HotSpot 64-Bit Tiered Compilers"/>
    <property name="java.runtime.version" value="1.8.0_212-8u212-b03-0ubuntu1.16.04.1-b03"/>
    <property name="user.name" value="simon"/>
    <property name="path.separator" value=":"/>
    <property name="os.version" value="4.15.0-34-generic"/>
    <property name="java.endorsed.dirs" value="/usr/lib/jvm/java-8-openjdk-amd64/jre/lib/endorsed"/>
    <property name="java.runtime.name" value="OpenJDK Runtime Environment"/>
    <property name="file.encoding" value="UTF-8"/>
    <property name="java.vm.name" value="OpenJDK 64-Bit Server VM"/>
    <property name="localRepository" value="/home/simon/.m2/repository"/>
    <property name="java.vendor.url.bug" value="http://bugreport.sun.com/bugreport/"/>
    <property name="java.io.tmpdir" value="/tmp"/>
    <property name="java.version" value="1.8.0_212"/>
    <property name="user.dir" value="/home/simon/m226b-pa-bohler_wust/finish/back-end"/>
    <property name="os.arch" value="amd64"/>
    <property name="java.vm.specification.name" value="Java Virtual Machine Specification"/>
    <property name="java.awt.printerjob" value="sun.print.PSPrinterJob"/>
    <property name="sun.os.patch.level" value="unknown"/>
    <property name="java.library.path" value="/usr/java/packages/lib/amd64:/usr/lib/x86_64-linux-gnu/jni:/lib/x86_64-linux-gnu:/usr/lib/x86_64-linux-gnu:/usr/lib/jni:/lib:/usr/lib"/>
    <property name="java.vm.info" value="mixed mode"/>
    <property name="java.vendor" value="Oracle Corporation"/>
    <property name="java.vm.version" value="25.212-b03"/>
    <property name="java.ext.dirs" value="/usr/lib/jvm/java-8-openjdk-amd64/jre/lib/ext:/usr/java/packages/lib/ext"/>
    <property name="sun.io.unicode.encoding" value="UnicodeLittle"/>
    <property name="java.class.version" value="52.0"/>
  </properties>
  <testcase name="testGetProperties" classname="inauen.tutorial.rest.EndpointTest" time="0.001"/>
</testsuite>